advice.go.com 1
advice.google.co.uk 1
afternoon.marketwatch.com 1
air.si.edu 1
airport.dagondesign.com 1
amazon.com 1
amazon.de 1
animal.icio.us 1
arch.springer.com 1
archive.org 1
artisteer.com 1
back.studiopress.com 1
bag.nasa.gov 1
baidu.com 1
ball.mlb.com 1
basin.wufoo.com 1
basket.delicious.com 1
bed.mail.ru 1
bedroom.paginegialle.it 1
beef.mayoclinic.com 1
bells.nymag.com 1
bells.shop-pro.jp 1
bike.reuters.com 1
blinklist.com 1
bloglovin.com 1
blogspot.com 1
booking.com 1
boy.issuu.com 1
brass.mozilla.org 1
ca.gov 1
cafepress.com 1
cbslocal.com 1
cnn.com 1
comcast.net 1
cpanel.net 1
delicious.com 1
discovery.com 1
ebay.co.uk 1
ebay.com 1
eepurl.com 1
ehow.com 1
etsy.com 1
examiner.com 1
facebook.com 1
feedburner.com 1
flavors.me 2
flickr.com 1
forbes.com 1
foxnews.com 1
ft.com 1
g.co 1
google.co.jp 1
google.com.br 1
google.com.hk 1
hibu.com 2
home.pl 1
huffingtonpost.com 1
instagram.com 1
is.gd 2
joomla.org 1
last.fm 1
loc.gov 1
mail.ru 1
miitbeian.gov.cn 2
oaic.gov.au 1
opera.com 1
over-blog.com 1
ovh.net 1
pagesperso-orange.fr 1
php.net 2
reference.com 1
reverbnation.com 1
sakura.ne.jp 1
scientificamerican.com 2
shinystat.com 1
shop-pro.jp 1
sitemeter.com 1
sohu.com 1
sourceforge.net 1
spiegel.de 1
sun.com 1
technorati.com 1
timesonline.co.uk 1
tinyurl.com 2
typepad.com 1
unicef.org 1
weather.com 1
webeden.co.uk 1
webs.com 1
xing.com 1
xinhuanet.com 1
youku.com 1
youtu.be 1
